<?xml version='1.0' encoding='UTF-8' ?>
<testsuite name="com.example.lunchtray.NavigationTests" tests="9" failures="0" errors="0" skipped="0" time="11.322" timestamp="2023-02-05T22:32:14" hostname="localhost">
  <properties>
    <property name="device" value="Infinix X697 - 11" />
    <property name="flavor" value="" />
    <property name="project" value=":app" />
  </properties>
  <testcase name="navigate_to_start_order_from_checkout" classname="com.example.lunchtray.NavigationTests" time="0.793" />
  <testcase name="navigate_to_start_order_from_entree_menu" classname="com.example.lunchtray.NavigationTests" time="0.564" />
  <testcase name="navigate_to_checkout_from_accompaniment_menu" classname="com.example.lunchtray.NavigationTests" time="0.488" />
  <testcase name="navigate_to_entree_menu_from_start_order" classname="com.example.lunchtray.NavigationTests" time="0.487" />
  <testcase name="navigate_to_start_order_from_checkout_via_submit" classname="com.example.lunchtray.NavigationTests" time="0.563" />
  <testcase name="navigate_to_start_order_from_accompaniment_menu" classname="com.example.lunchtray.NavigationTests" time="0.514" />
  <testcase name="navigate_to_accompaniment_menu_from_side_menu" classname="com.example.lunchtray.NavigationTests" time="0.566" />
  <testcase name="navigate_to_start_order_from_side_menu" classname="com.example.lunchtray.NavigationTests" time="0.514" />
  <testcase name="navigate_to_side_menu_from_entree_menu" classname="com.example.lunchtray.NavigationTests" time="0.541" />
</testsuite>